#
# There is insufficient memory for the Java Runtime Environment to continue.
# Native memory allocation (malloc) failed to allocate 1058896 bytes for Chunk::new
# Possible reasons:
#   The system is out of physical RAM or swap space
#   The process is running with CompressedOops enabled, and the Java Heap may be blocking the growth of the native heap
# Possible solutions:
#   Reduce memory load on the system
#   Increase physical memory or swap space
#   Check if swap backing store is full
#   Decrease Java heap size (-Xmx/-Xms)
#   Decrease number of Java threads
#   Decrease Java thread stack sizes (-Xss)
#   Set larger code cache with -XX:ReservedCodeCacheSize=
#   JVM is running with Unscaled Compressed Oops mode in which the Java heap is
#     placed in the first 4GB address space. The Java Heap base address is the
#     maximum limit for the native heap growth. Please use -XX:HeapBaseMinAddress
#     to set the Java Heap base and to place the Java Heap above 4GB virtual address.
# This output file may be truncated or incomplete.
#
#  Out of Memory Error (allocation.cpp:389), pid=7488, tid=0x0000000000004370
#
# JRE version: OpenJDK Runtime Environment (8.0_202-b03) (build 1.8.0_202-release-1483-b03)
# Java VM: OpenJDK 64-Bit Server VM (25.202-b03 mixed mode windows-amd64 compressed oops)
# Failed to write core dump. Minidumps are not enabled by default on client versions of Windows
#

---------------  T H R E A D  ---------------

Current thread (0x0000000018d7a000):  JavaThread "C2 CompilerThread2" daemon [_thread_in_native, id=17264, stack(0x00000000196e0000,0x00000000197e0000)]

Stack: [0x00000000196e0000,0x00000000197e0000]
[error occurred during error reporting (printing stack bounds), id 0xc0000005]

Native frames: (J=compiled Java code, j=interpreted, Vv=VM code, C=native code)


Current CompileTask:
C2:3695842 17685       4       org.gradle.api.internal.artifacts.ivyservice.moduleconverter.DefaultLocalComponentMetadataBuilder::addConfiguration (100 bytes)


---------------  P R O C E S S  ---------------

Java Threads: ( => current thread )
  0x0000000021b2a000 JavaThread "WorkerExecutor Queue Thread 5" [_thread_blocked, id=20248, stack(0x000000002a4c0000,0x000000002a5c0000)]
  0x0000000021b28000 JavaThread "WorkerExecutor Queue Thread 4" [_thread_blocked, id=7060, stack(0x0000000028090000,0x0000000028190000)]
  0x000000001afe4800 JavaThread "WorkerExecutor Queue Thread 3" [_thread_blocked, id=16908, stack(0x0000000027f90000,0x0000000028090000)]
  0x000000001afe4000 JavaThread "WorkerExecutor Queue Thread 2" [_thread_blocked, id=13020, stack(0x000000002a890000,0x000000002a990000)]
  0x000000001d921800 JavaThread "WorkerExecutor Queue" [_thread_blocked, id=20716, stack(0x0000000028230000,0x0000000028330000)]
  0x000000001d922800 JavaThread "Cache worker for execution history cache (D:\AndroidProject\TestbottomLayout\.gradle\5.4.1\executionHistory)" [_thread_blocked, id=3912, stack(0x0000000027890000,0x0000000027990000)]
  0x000000001d921000 JavaThread "Execution worker for ':' Thread 7" [_thread_blocked, id=9832, stack(0x0000000027790000,0x0000000027890000)]
  0x000000001d918800 JavaThread "Execution worker for ':' Thread 6" [_thread_blocked, id=17784, stack(0x0000000027690000,0x0000000027790000)]
  0x000000001d91f800 JavaThread "Execution worker for ':' Thread 5" [_thread_blocked, id=10828, stack(0x0000000027590000,0x0000000027690000)]
  0x000000001d91b000 JavaThread "Execution worker for ':' Thread 4" [_thread_in_vm, id=19644, stack(0x0000000027490000,0x0000000027590000)]
  0x000000001d918000 JavaThread "Execution worker for ':' Thread 3" [_thread_blocked, id=19252, stack(0x0000000027390000,0x0000000027490000)]
  0x000000001d91e800 JavaThread "Execution worker for ':' Thread 2" [_thread_blocked, id=6260, stack(0x00000000237d0000,0x00000000238d0000)]
  0x000000001d919800 JavaThread "Execution worker for ':'" [_thread_blocked, id=18756, stack(0x00000000236d0000,0x00000000237d0000)]
  0x000000001d917000 JavaThread "Cache worker for file content cache (D:\AndroidProject\TestbottomLayout\.gradle\5.4.1\fileContent)" [_thread_blocked, id=10136, stack(0x00000000235d0000,0x00000000236d0000)]
  0x000000001d91e000 JavaThread "Cache worker for file content cache (C:\Users\Aori\.gradle\caches\5.4.1\fileContent)" [_thread_blocked, id=19220, stack(0x00000000234d0000,0x00000000235d0000)]
  0x000000001d91d000 JavaThread "Cache worker for Build Output Cleanup Cache (D:\AndroidProject\TestbottomLayout\.gradle\buildOutputCleanup)" [_thread_blocked, id=5428, stack(0x00000000233d0000,0x00000000234d0000)]
  0x0000000019b74000 JavaThread "Build operations Thread 8" [_thread_blocked, id=19324, stack(0x00000000232d0000,0x00000000233d0000)]
  0x0000000019b72000 JavaThread "Build operations Thread 7" [_thread_blocked, id=1436, stack(0x00000000231d0000,0x00000000232d0000)]
  0x0000000019b72800 JavaThread "Build operations Thread 6" [_thread_blocked, id=11396, stack(0x00000000230d0000,0x00000000231d0000)]
  0x0000000019b71000 JavaThread "Build operations Thread 5" [_thread_blocked, id=19212, stack(0x0000000022fd0000,0x00000000230d0000)]
  0x0000000019b73800 JavaThread "Build operations Thread 4" [_thread_blocked, id=17752, stack(0x0000000022ed0000,0x0000000022fd0000)]
  0x0000000019b6a000 JavaThread "Build operations Thread 3" [_thread_blocked, id=16228, stack(0x0000000022a10000,0x0000000022b10000)]
  0x0000000019b70800 JavaThread "Build operations Thread 2" [_thread_blocked, id=20732, stack(0x000000001fdd0000,0x000000001fed0000)]
  0x0000000019b6f800 JavaThread "Build operations" [_thread_blocked, id=13092, stack(0x000000001fad0000,0x000000001fbd0000)]
  0x0000000019b6e800 JavaThread "Cache worker for cache directory md-rule (C:\Users\Aori\.gradle\caches\5.4.1\md-rule)" [_thread_blocked, id=10192, stack(0x000000001c160000,0x000000001c260000)]
  0x0000000019b6e000 JavaThread "Cache worker for cache directory md-supplier (C:\Users\Aori\.gradle\caches\5.4.1\md-supplier)" [_thread_blocked, id=18524, stack(0x000000001bf60000,0x000000001c060000)]
  0x0000000019b6c800 JavaThread "Cache worker for file hash cache (D:\AndroidProject\TestbottomLayout\.gradle\5.4.1\fileHashes)" [_thread_blocked, id=19664, stack(0x000000001be60000,0x000000001bf60000)]
  0x0000000019b67000 JavaThread "Thread-106" [_thread_blocked, id=9340, stack(0x000000001bd60000,0x000000001be60000)]
  0x0000000019b6d000 JavaThread "Stdin handler" [_thread_blocked, id=6840, stack(0x000000001bc60000,0x000000001bd60000)]
  0x0000000019b6b000 JavaThread "Asynchronous log dispatcher for DefaultDaemonConnection: socket connection from /127.0.0.1:65047 to /127.0.0.1:50228" [_thread_blocked, id=18820, stack(0x000000001b960000,0x000000001ba60000)]
  0x0000000019b65000 JavaThread "Daemon worker Thread 2" [_thread_blocked, id=16352, stack(0x000000001b860000,0x000000001b960000)]
  0x0000000019b68000 JavaThread "Cancel handler" [_thread_blocked, id=21160, stack(0x0000000001170000,0x0000000001270000)]
  0x0000000019b69800 JavaThread "Handler for socket connection from /127.0.0.1:65047 to /127.0.0.1:50228" [_thread_in_native, id=21068, stack(0x0000000001070000,0x0000000001170000)]
  0x0000000019b68800 JavaThread "Daemon Thread 2" [_thread_blocked, id=16472, stack(0x0000000000f70000,0x0000000001070000)]
  0x000000001d91c800 JavaThread "Memory manager" [_thread_blocked, id=19476, stack(0x0000000022dd0000,0x0000000022ed0000)]
  0x000000001d91a000 JavaThread "Cache worker for execution history cache (C:\Users\Aori\.gradle\caches\5.4.1\executionHistory)" [_thread_blocked, id=14556, stack(0x0000000021540000,0x0000000021640000)]
  0x000000001afe9000 JavaThread "Cache worker for journal cache (C:\Users\Aori\.gradle\caches\journal-1)" [_thread_blocked, id=14372, stack(0x000000001d630000,0x000000001d730000)]
  0x000000001afe2800 JavaThread "File lock request listener" [_thread_in_native, id=10448, stack(0x000000001d530000,0x000000001d630000)]
  0x000000001afe7800 JavaThread "Cache worker for file hash cache (C:\Users\Aori\.gradle\caches\5.4.1\fileHashes)" [_thread_blocked, id=19288, stack(0x000000001d230000,0x000000001d330000)]
  0x0000000019bd5800 JavaThread "Daemon periodic checks" [_thread_blocked, id=1740, stack(0x000000001b760000,0x000000001b860000)]
  0x0000000019bd5000 JavaThread "Incoming local TCP Connector on port 65047" [_thread_in_native, id=7512, stack(0x000000001b5b0000,0x000000001b6b0000)]
  0x000000001ade5800 JavaThread "Daemon health stats" [_thread_blocked, id=13616, stack(0x000000001b2b0000,0x000000001b3b0000)]
  0x0000000018df0800 JavaThread "Service Thread" daemon [_thread_blocked, id=14876, stack(0x00000000198e0000,0x00000000199e0000)]
  0x0000000018da5800 JavaThread "C1 CompilerThread3" daemon [_thread_blocked, id=15528, stack(0x00000000197e0000,0x00000000198e0000)]
=>0x0000000018d7a000 JavaThread "C2 CompilerThread2" daemon [_thread_in_native, id=17264, stack(0x00000000196e0000,0x00000000197e0000)]
  0x0000000018d72800 JavaThread "C2 CompilerThread1" daemon [_thread_blocked, id=20720, stack(0x00000000195e0000,0x00000000196e0000)]
  0x0000000018d6d000 JavaThread "C2 CompilerThread0" daemon [_thread_in_native, id=1728, stack(0x00000000194e0000,0x00000000195e0000)]
  0x0000000018d6b800 JavaThread "Attach Listener" daemon [_thread_blocked, id=20604, stack(0x00000000193e0000,0x00000000194e0000)]
  0x0000000018d17800 JavaThread "Signal Dispatcher" daemon [_thread_blocked, id=19336, stack(0x00000000192e0000,0x00000000193e0000)]
  0x0000000003148800 JavaThread "Finalizer" daemon [_thread_blocked, id=18728, stack(0x00000000191e0000,0x00000000192e0000)]
  0x0000000003145000 JavaThread "Reference Handler" daemon [_thread_blocked, id=1396, stack(0x00000000190e0000,0x00000000191e0000)]
  0x0000000003052800 JavaThread "main" [_thread_blocked, id=7480, stack(0x0000000002f50000,0x0000000003050000)]

Other Threads:
  0x0000000016f08800 VMThread [stack: 0x0000000018be0000,0x0000000018ce0000] [id=4048]
  0x0000000018df2800 WatcherThread [stack: 0x00000000199e0000,0x0000000019ae0000] [id=14276]

VM state:not at safepoint (normal execution)

VM Mutex/Monitor currently owned by a thread: None

heap address: 0x00000000a0000000, size: 1536 MB, Compressed Oops mode: 32-bit
Narrow klass base: 0x0000000000000000, Narrow klass shift: 3
Compressed class space size: 1073741824 Address: 0x0000000100000000

Heap:
 PSYoungGen      total 259584K, used 177565K [0x00000000e0000000, 0x00000000f2f00000, 0x0000000100000000)
  eden space 230400K, 75% used [0x00000000e0000000,0x00000000eaa3c378,0x00000000ee100000)
  from space 29184K, 11% used [0x00000000f0900000,0x00000000f0c2b478,0x00000000f2580000)
  to   space 39936K, 0% used [0x00000000ee100000,0x00000000ee100000,0x00000000f0800000)
 ParOldGen       total 127488K, used 99461K [0x00000000a0000000, 0x00000000a7c80000, 0x00000000e0000000)
  object space 127488K, 78% used [0x00000000a0000000,0x00000000a6121760,0x00000000a7c80000)
 Metaspace       used 88824K, capacity 93942K, committed 94080K, reserved 1130496K
  class space    used 11380K, capacity 12367K, committed 12416K, reserved 1048576K

Card table byte_map: [0x0000000012510000,0x0000000012820000] byte_map_base: 0x0000000012010000

Marking Bits: (ParMarkBitMap*) 0x00000000605e9f30
 Begin Bits: [0x0000000013220000, 0x0000000014a20000)
 End Bits:   [0x0000000014a20000, 0x0000000016220000)

Polling page: 0x0000000000d90000

CodeCache: size=245760Kb used=50502Kb max_used=50511Kb free=195257Kb
 bounds [0x0000000003150000, 0x00000000062f0000, 0x0000000012150000]
 total_blobs=15355 nmethods=14457 adapters=809
 compilation: enabled

Compilation events (10 events):
Event: 3695.824 Thread 0x0000000018da5800 17792   !   3       com.sun.org.apache.xerces.internal.parsers.DOMParser::setProperty0 (94 bytes)
Event: 3695.825 Thread 0x0000000018da5800 nmethod 17792 0x00000000062e5d90 code [0x00000000062e5fa0, 0x00000000062e6b28]
Event: 3695.831 Thread 0x0000000018d72800 17793       4       com.sun.org.apache.xerces.internal.impl.XMLDocumentScannerImpl::getFeatureDefault (40 bytes)
Event: 3695.833 Thread 0x0000000018da5800 17794   !   3       java.util.ServiceLoader$LazyIterator::hasNextService (167 bytes)
Event: 3695.835 Thread 0x0000000018da5800 nmethod 17794 0x00000000062eca90 code [0x00000000062ecda0, 0x00000000062ee578]
Event: 3695.835 Thread 0x0000000018d72800 nmethod 17793 0x00000000062e0c10 code [0x00000000062e0d60, 0x00000000062e10f8]
Event: 3695.838 Thread 0x0000000018da5800 17795       3       java.util.ServiceLoader$1::hasNext (25 bytes)
Event: 3695.838 Thread 0x0000000018da5800 nmethod 17795 0x00000000062ec510 code [0x00000000062ec6a0, 0x00000000062ec978]
Event: 3695.838 Thread 0x0000000018da5800 17796       3       java.util.ServiceLoader$LazyIterator::hasNext (42 bytes)
Event: 3695.839 Thread 0x0000000018da5800 nmethod 17796 0x00000000062ebd50 code [0x00000000062ebf00, 0x00000000062ec348]

GC Heap History (10 events):
Event: 3683.869 GC heap before
{Heap before GC invocations=23 (full 3):
 PSYoungGen      total 270336K, used 255291K [0x00000000e0000000, 0x00000000f2f00000, 0x0000000100000000)
  eden space 230400K, 100% used [0x00000000e0000000,0x00000000ee100000,0x00000000ee100000)
  from space 39936K, 62% used [0x00000000ee100000,0x00000000ef94ef80,0x00000000f0800000)
  to   space 29184K, 0% used [0x00000000f0900000,0x00000000f0900000,0x00000000f2580000)
 ParOldGen       total 127488K, used 81652K [0x00000000a0000000, 0x00000000a7c80000, 0x00000000e0000000)
  object space 127488K, 64% used [0x00000000a0000000,0x00000000a4fbd1f0,0x00000000a7c80000)
 Metaspace       used 82829K, capacity 87938K, committed 88192K, reserved 1126400K
  class space    used 10641K, capacity 11647K, committed 11648K, reserved 1048576K
Event: 3683.965 GC heap after
Heap after GC invocations=23 (full 3):
 PSYoungGen      total 259584K, used 24456K [0x00000000e0000000, 0x00000000f2f00000, 0x0000000100000000)
  eden space 230400K, 0% used [0x00000000e0000000,0x00000000e0000000,0x00000000ee100000)
  from space 29184K, 83% used [0x00000000f0900000,0x00000000f20e2380,0x00000000f2580000)
  to   space 39936K, 0% used [0x00000000ee100000,0x00000000ee100000,0x00000000f0800000)
 ParOldGen       total 127488K, used 81660K [0x00000000a0000000, 0x00000000a7c80000, 0x00000000e0000000)
  object space 127488K, 64% used [0x00000000a0000000,0x00000000a4fbf1f0,0x00000000a7c80000)
 Metaspace       used 82829K, capacity 87938K, committed 88192K, reserved 1126400K
  class space    used 10641K, capacity 11647K, committed 11648K, reserved 1048576K
}
Event: 3684.377 GC heap before
{Heap before GC invocations=24 (full 3):
 PSYoungGen      total 259584K, used 254856K [0x00000000e0000000, 0x00000000f2f00000, 0x0000000100000000)
  eden space 230400K, 100% used [0x00000000e0000000,0x00000000ee100000,0x00000000ee100000)
  from space 29184K, 83% used [0x00000000f0900000,0x00000000f20e2380,0x00000000f2580000)
  to   space 39936K, 0% used [0x00000000ee100000,0x00000000ee100000,0x00000000f0800000)
 ParOldGen       total 127488K, used 81660K [0x00000000a0000000, 0x00000000a7c80000, 0x00000000e0000000)
  object space 127488K, 64% used [0x00000000a0000000,0x00000000a4fbf1f0,0x00000000a7c80000)
 Metaspace       used 82914K, capacity 88036K, committed 88320K, reserved 1126400K
  class space    used 10651K, capacity 11654K, committed 11776K, reserved 1048576K
Event: 3684.405 GC heap after
Heap after GC invocations=24 (full 3):
 PSYoungGen      total 270336K, used 7736K [0x00000000e0000000, 0x00000000f2f00000, 0x0000000100000000)
  eden space 230400K, 0% used [0x00000000e0000000,0x00000000e0000000,0x00000000ee100000)
  from space 39936K, 19% used [0x00000000ee100000,0x00000000ee88e270,0x00000000f0800000)
  to   space 29184K, 0% used [0x00000000f0900000,0x00000000f0900000,0x00000000f2580000)
 ParOldGen       total 127488K, used 91458K [0x00000000a0000000, 0x00000000a7c80000, 0x00000000e0000000)
  object space 127488K, 71% used [0x00000000a0000000,0x00000000a5950b48,0x00000000a7c80000)
 Metaspace       used 82914K, capacity 88036K, committed 88320K, reserved 1126400K
  class space    used 10651K, capacity 11654K, committed 11776K, reserved 1048576K
}
Event: 3690.922 GC heap before
{Heap before GC invocations=25 (full 3):
 PSYoungGen      total 270336K, used 238136K [0x00000000e0000000, 0x00000000f2f00000, 0x0000000100000000)
  eden space 230400K, 100% used [0x00000000e0000000,0x00000000ee100000,0x00000000ee100000)
  from space 39936K, 19% used [0x00000000ee100000,0x00000000ee88e270,0x00000000f0800000)
  to   space 29184K, 0% used [0x00000000f0900000,0x00000000f0900000,0x00000000f2580000)
 ParOldGen       total 127488K, used 91458K [0x00000000a0000000, 0x00000000a7c80000, 0x00000000e0000000)
  object space 127488K, 71% used [0x00000000a0000000,0x00000000a5950b48,0x00000000a7c80000)
 Metaspace       used 87971K, capacity 93118K, committed 93568K, reserved 1130496K
  class space    used 11309K, capacity 12291K, committed 12416K, reserved 1048576K
Event: 3690.937 GC heap after
Heap after GC invocations=25 (full 3):
 PSYoungGen      total 259584K, used 9902K [0x00000000e0000000, 0x00000000f2f00000, 0x0000000100000000)
  eden space 230400K, 0% used [0x00000000e0000000,0x00000000e0000000,0x00000000ee100000)
  from space 29184K, 33% used [0x00000000f0900000,0x00000000f12abbd0,0x00000000f2580000)
  to   space 39936K, 0% used [0x00000000ee100000,0x00000000ee100000,0x00000000f0800000)
 ParOldGen       total 127488K, used 94846K [0x00000000a0000000, 0x00000000a7c80000, 0x00000000e0000000)
  object space 127488K, 74% used [0x00000000a0000000,0x00000000a5c9f9f0,0x00000000a7c80000)
 Metaspace       used 87971K, capacity 93118K, committed 93568K, reserved 1130496K
  class space    used 11309K, capacity 12291K, committed 12416K, reserved 1048576K
}
Event: 3692.320 GC heap before
{Heap before GC invocations=26 (full 3):
 PSYoungGen      total 259584K, used 240302K [0x00000000e0000000, 0x00000000f2f00000, 0x0000000100000000)
  eden space 230400K, 100% used [0x00000000e0000000,0x00000000ee100000,0x00000000ee100000)
  from space 29184K, 33% used [0x00000000f0900000,0x00000000f12abbd0,0x00000000f2580000)
  to   space 39936K, 0% used [0x00000000ee100000,0x00000000ee100000,0x00000000f0800000)
 ParOldGen       total 127488K, used 94846K [0x00000000a0000000, 0x00000000a7c80000, 0x00000000e0000000)
  object space 127488K, 74% used [0x00000000a0000000,0x00000000a5c9f9f0,0x00000000a7c80000)
 Metaspace       used 88400K, capacity 93542K, committed 93824K, reserved 1130496K
  class space    used 11352K, capacity 12325K, committed 12416K, reserved 1048576K
Event: 3692.339 GC heap after
Heap after GC invocations=26 (full 3):
 PSYoungGen      total 270336K, used 7416K [0x00000000e0000000, 0x00000000f2f00000, 0x0000000100000000)
  eden space 230400K, 0% used [0x00000000e0000000,0x00000000e0000000,0x00000000ee100000)
  from space 39936K, 18% used [0x00000000ee100000,0x00000000ee83e1e8,0x00000000f0800000)
  to   space 29184K, 0% used [0x00000000f0900000,0x00000000f0900000,0x00000000f2580000)
 ParOldGen       total 127488K, used 99045K [0x00000000a0000000, 0x00000000a7c80000, 0x00000000e0000000)
  object space 127488K, 77% used [0x00000000a0000000,0x00000000a60b9710,0x00000000a7c80000)
 Metaspace       used 88400K, capacity 93542K, committed 93824K, reserved 1130496K
  class space    used 11352K, capacity 12325K, committed 12416K, reserved 1048576K
}
Event: 3692.922 GC heap before
{Heap before GC invocations=27 (full 3):
 PSYoungGen      total 270336K, used 237816K [0x00000000e0000000, 0x00000000f2f00000, 0x0000000100000000)
  eden space 230400K, 100% used [0x00000000e0000000,0x00000000ee100000,0x00000000ee100000)
  from space 39936K, 18% used [0x00000000ee100000,0x00000000ee83e1e8,0x00000000f0800000)
  to   space 29184K, 0% used [0x00000000f0900000,0x00000000f0900000,0x00000000f2580000)
 ParOldGen       total 127488K, used 99045K [0x00000000a0000000, 0x00000000a7c80000, 0x00000000e0000000)
  object space 127488K, 77% used [0x00000000a0000000,0x00000000a60b9710,0x00000000a7c80000)
 Metaspace       used 88457K, capacity 93542K, committed 93824K, reserved 1130496K
  class space    used 11354K, capacity 12325K, committed 12416K, reserved 1048576K
Event: 3692.927 GC heap after
Heap after GC invocations=27 (full 3):
 PSYoungGen      total 259584K, used 3245K [0x00000000e0000000, 0x00000000f2f00000, 0x0000000100000000)
  eden space 230400K, 0% used [0x00000000e0000000,0x00000000e0000000,0x00000000ee100000)
  from space 29184K, 11% used [0x00000000f0900000,0x00000000f0c2b478,0x00000000f2580000)
  to   space 39936K, 0% used [0x00000000ee100000,0x00000000ee100000,0x00000000f0800000)
 ParOldGen       total 127488K, used 99461K [0x00000000a0000000, 0x00000000a7c80000, 0x00000000e0000000)
  object space 127488K, 78% used [0x00000000a0000000,0x00000000a6121760,0x00000000a7c80000)
 Metaspace       used 88457K, capacity 93542K, committed 93824K, reserved 1130496K
  class space    used 11354K, capacity 12325K, committed 12416K, reserved 1048576K
}

Deoptimization events (10 events):
Event: 3694.827 Thread 0x000000001d91b000 Uncommon trap: reason=bimorphic action=maybe_recompile pc=0x00000000060b51cc method=com.sun.org.apache.xerces.internal.dom.ElementImpl.getAttributes()Lorg/w3c/dom/NamedNodeMap; @ 8
Event: 3694.827 Thread 0x000000001d91b000 Uncommon trap: reason=speculate_class_check action=maybe_recompile pc=0x000000000622d1f0 method=com.android.ide.common.resources.ResourceMergerItem.getKey()Ljava/lang/String; @ 35
Event: 3694.827 Thread 0x000000001d91b000 Uncommon trap: reason=speculate_class_check action=maybe_recompile pc=0x000000000622d1f0 method=com.android.ide.common.resources.ResourceMergerItem.getKey()Ljava/lang/String; @ 35
Event: 3694.827 Thread 0x000000001d91b000 Uncommon trap: reason=speculate_class_check action=maybe_recompile pc=0x000000000622d1f0 method=com.android.ide.common.resources.ResourceMergerItem.getKey()Ljava/lang/String; @ 35
Event: 3694.827 Thread 0x000000001d91b000 Uncommon trap: reason=speculate_class_check action=maybe_recompile pc=0x000000000622d1f0 method=com.android.ide.common.resources.ResourceMergerItem.getKey()Ljava/lang/String; @ 35
Event: 3695.390 Thread 0x000000001d91b000 Uncommon trap: reason=unstable_if action=reinterpret pc=0x0000000004f8488c method=org.gradle.api.internal.artifacts.ivyservice.resolveengine.graph.builder.EdgeState.<init>(Lorg/gradle/api/internal/artifacts/ivyservice/resolveengine/graph/builder/NodeState
Event: 3695.401 Thread 0x0000000019b71000 Uncommon trap: reason=unstable_if action=reinterpret pc=0x0000000005436b28 method=org.gradle.internal.component.model.DefaultIvyArtifactName.toString()Ljava/lang/String; @ 24
Event: 3695.401 Thread 0x0000000019b71000 Uncommon trap: reason=unstable_if action=reinterpret pc=0x000000000542b094 method=org.gradle.internal.component.model.DefaultIvyArtifactName.toString()Ljava/lang/String; @ 24
Event: 3695.440 Thread 0x000000001d91b000 Uncommon trap: reason=null_check action=make_not_entrant pc=0x0000000006244de0 method=com.sun.org.apache.xerces.internal.dom.NamedNodeMapImpl.findNamePoint(Ljava/lang/String;Ljava/lang/String;)I @ 76
Event: 3695.441 Thread 0x000000001d91b000 Uncommon trap: reason=null_check action=make_not_entrant pc=0x000000000622c5dc method=com.sun.org.apache.xerces.internal.dom.NamedNodeMapImpl.findNamePoint(Ljava/lang/String;Ljava/lang/String;)I @ 76

Classes redefined (0 events):
No events

Internal exceptions (10 events):
Event: 3691.486 Thread 0x000000001d91f800 Exception <a 'java/lang/NoSuchMethodError': <clinit>> (0x00000000e30687f0) thrown at [D:\src\AOSP-openjdk-cygwin\jdk8u\hotspot\src\share\vm\prims\jni.cpp, line 1614]
Event: 3693.487 Thread 0x000000001d921000 Exception <a 'java/lang/NoSuchMethodError': <clinit>> (0x00000000e4fe8cd8) thrown at [D:\src\AOSP-openjdk-cygwin\jdk8u\hotspot\src\share\vm\prims\jni.cpp, line 1614]
Event: 3693.496 Thread 0x000000001d921000 Exception <a 'java/lang/NoSuchMethodError': <clinit>> (0x00000000e4ffb2c0) thrown at [D:\src\AOSP-openjdk-cygwin\jdk8u\hotspot\src\share\vm\prims\jni.cpp, line 1614]
Event: 3693.630 Thread 0x000000001d921800 Exception <a 'sun/nio/fs/WindowsException'> (0x00000000e553a6c8) thrown at [D:\src\AOSP-openjdk-cygwin\jdk8u\hotspot\src\share\vm\prims\jni.cpp, line 710]
Event: 3693.667 Thread 0x000000001d91f800 Exception <a 'java/lang/NoSuchMethodError': <clinit>> (0x00000000e5662508) thrown at [D:\src\AOSP-openjdk-cygwin\jdk8u\hotspot\src\share\vm\prims\jni.cpp, line 1614]
Event: 3694.034 Thread 0x000000001afe4800 Exception <a 'sun/nio/fs/WindowsException'> (0x00000000e6fd1230) thrown at [D:\src\AOSP-openjdk-cygwin\jdk8u\hotspot\src\share\vm\prims\jni.cpp, line 710]
Event: 3694.161 Thread 0x000000001afe4800 Exception <a 'sun/nio/fs/WindowsException'> (0x00000000e761aa88) thrown at [D:\src\AOSP-openjdk-cygwin\jdk8u\hotspot\src\share\vm\prims\jni.cpp, line 710]
Event: 3694.674 Thread 0x000000001d91b000 Implicit null exception at 0x0000000004201e5e to 0x0000000004201fe1
Event: 3695.440 Thread 0x000000001d91b000 Implicit null exception at 0x0000000006244a2b to 0x0000000006244da9
Event: 3695.441 Thread 0x000000001d91b000 Implicit null exception at 0x000000000622c34b to 0x000000000622c5b5

Events (10 events):
Event: 3695.430 loading class com/android/build/gradle/tasks/MergeResources
Event: 3695.430 loading class com/android/build/gradle/tasks/MergeResources done
Event: 3695.431 loading class com/android/build/gradle/internal/tasks/Blocks$ThrowingBlock
Event: 3695.431 loading class com/android/build/gradle/internal/tasks/Blocks$ThrowingBlock done
Event: 3695.440 Thread 0x000000001d91b000 Uncommon trap: trap_request=0xfffffff4 fr.pc=0x0000000006244de0
Event: 3695.440 Thread 0x000000001d91b000 DEOPT PACKING pc=0x0000000006244de0 sp=0x000000002758b400
Event: 3695.440 Thread 0x000000001d91b000 DEOPT UNPACKING pc=0x000000000319557b sp=0x000000002758b330 mode 2
Event: 3695.441 Thread 0x000000001d91b000 Uncommon trap: trap_request=0xfffffff4 fr.pc=0x000000000622c5dc
Event: 3695.441 Thread 0x000000001d91b000 DEOPT PACKING pc=0x000000000622c5dc sp=0x000000002758b380
Event: 3695.441 Thread 0x000000001d91b000 DEOPT UNPACKING pc=0x000000000319557b sp=0x000000002758b328 mode 2


Dynamic libraries:
0x00007ff6a5590000 - 0x00007ff6a55c1000 	D:\androidstudio\新建文件夹\jre\bin\java.exe
0x00007ff88a080000 - 0x00007ff88a270000 	C:\WINDOWS\SYSTEM32\ntdll.dll
0x00007ff889f80000 - 0x00007ff88a032000 	C:\WINDOWS\System32\KERNEL32.DLL
0x00007ff887230000 - 0x00007ff8874d5000 	C:\WINDOWS\System32\KERNELBASE.dll
0x00007ff889ed0000 - 0x00007ff889f73000 	C:\WINDOWS\System32\ADVAPI32.dll
0x00007ff889c80000 - 0x00007ff889d1e000 	C:\WINDOWS\System32\msvcrt.dll
0x00007ff8882d0000 - 0x00007ff888367000 	C:\WINDOWS\System32\sechost.dll
0x00007ff8881b0000 - 0x00007ff8882d0000 	C:\WINDOWS\System32\RPCRT4.dll
0x00007ff889ae0000 - 0x00007ff889c74000 	C:\WINDOWS\System32\USER32.dll
0x00007ff888100000 - 0x00007ff888121000 	C:\WINDOWS\System32\win32u.dll
0x00007ff8890d0000 - 0x00007ff8890f6000 	C:\WINDOWS\System32\GDI32.dll
0x00007ff887580000 - 0x00007ff887716000 	C:\WINDOWS\System32\gdi32full.dll
0x00007ff8874e0000 - 0x00007ff88757e000 	C:\WINDOWS\System32\msvcp_win.dll
0x00007ff887fa0000 - 0x00007ff88809a000 	C:\WINDOWS\System32\ucrtbase.dll
0x00007ff86b910000 - 0x00007ff86bb94000 	C:\WINDOWS\WinSxS\amd64_microsoft.windows.common-controls_6595b64144ccf1df_6.0.18362.1139_none_9e7bf2d3e4605ac6\COMCTL32.dll
0x00007ff8897a0000 - 0x00007ff889ad5000 	C:\WINDOWS\System32\combase.dll
0x00007ff8871b0000 - 0x00007ff887230000 	C:\WINDOWS\System32\bcryptPrimitives.dll
0x00007ff888cc0000 - 0x00007ff888cee000 	C:\WINDOWS\System32\IMM32.DLL
0x000000005fc60000 - 0x000000005fd32000 	D:\androidstudio\新建文件夹\jre\jre\bin\msvcr100.dll
0x000000005fe20000 - 0x0000000060666000 	D:\androidstudio\新建文件夹\jre\jre\bin\server\jvm.dll
0x00007ff888370000 - 0x00007ff888378000 	C:\WINDOWS\System32\PSAPI.DLL
0x00007ff86b500000 - 0x00007ff86b509000 	C:\WINDOWS\SYSTEM32\WSOCK32.dll
0x00007ff888f80000 - 0x00007ff888fef000 	C:\WINDOWS\System32\WS2_32.dll
0x00007ff884e70000 - 0x00007ff884e94000 	C:\WINDOWS\SYSTEM32\WINMM.dll
0x00007ff87f150000 - 0x00007ff87f15a000 	C:\WINDOWS\SYSTEM32\VERSION.dll
0x00007ff884800000 - 0x00007ff88482d000 	C:\WINDOWS\SYSTEM32\WINMMBASE.dll
0x00007ff887160000 - 0x00007ff8871aa000 	C:\WINDOWS\System32\cfgmgr32.dll
0x00007ff87f7c0000 - 0x00007ff87f7cf000 	D:\androidstudio\新建文件夹\jre\jre\bin\verify.dll
0x00007ff872d40000 - 0x00007ff872d69000 	D:\androidstudio\新建文件夹\jre\jre\bin\java.dll
0x00007ff87ee40000 - 0x00007ff87ee56000 	D:\androidstudio\新建文件夹\jre\jre\bin\zip.dll
0x00007ff888470000 - 0x00007ff888b57000 	C:\WINDOWS\System32\SHELL32.dll
0x00007ff8896f0000 - 0x00007ff889799000 	C:\WINDOWS\System32\shcore.dll
0x00007ff887720000 - 0x00007ff887ea0000 	C:\WINDOWS\System32\windows.storage.dll
0x00007ff886fc0000 - 0x00007ff886fe3000 	C:\WINDOWS\System32\profapi.dll
0x00007ff886f50000 - 0x00007ff886f9a000 	C:\WINDOWS\System32\powrprof.dll
0x00007ff886f40000 - 0x00007ff886f50000 	C:\WINDOWS\System32\UMPDC.dll
0x00007ff888410000 - 0x00007ff888462000 	C:\WINDOWS\System32\shlwapi.dll
0x00007ff886ff0000 - 0x00007ff887001000 	C:\WINDOWS\System32\kernel.appcore.dll
0x00007ff887f80000 - 0x00007ff887f97000 	C:\WINDOWS\System32\cryptsp.dll
0x00007ff86e210000 - 0x00007ff86e22a000 	D:\androidstudio\新建文件夹\jre\jre\bin\net.dll
0x00007ff886790000 - 0x00007ff8867f7000 	C:\WINDOWS\system32\mswsock.dll
0x00007ff86b140000 - 0x00007ff86b151000 	D:\androidstudio\新建文件夹\jre\jre\bin\nio.dll
0x00007ff872d10000 - 0x00007ff872d36000 	C:\Users\Aori\.gradle\native\29\windows-amd64\native-platform.dll
0x00007ff87f790000 - 0x00007ff87f79d000 	D:\androidstudio\新建文件夹\jre\jre\bin\management.dll
0x00007ff886300000 - 0x00007ff886333000 	C:\WINDOWS\system32\rsaenh.dll
0x00007ff887ea0000 - 0x00007ff887ec6000 	C:\WINDOWS\System32\bcrypt.dll
0x00007ff886e60000 - 0x00007ff886e85000 	C:\WINDOWS\SYSTEM32\USERENV.dll
0x00007ff886960000 - 0x00007ff88696c000 	C:\WINDOWS\SYSTEM32\CRYPTBASE.dll
0x00007ff8864a0000 - 0x00007ff8864da000 	C:\WINDOWS\SYSTEM32\IPHLPAPI.DLL
0x00007ff888cf0000 - 0x00007ff888cf8000 	C:\WINDOWS\System32\NSI.dll
0x00007ff87b910000 - 0x00007ff87b926000 	C:\WINDOWS\SYSTEM32\dhcpcsvc6.DLL
0x00007ff87d1c0000 - 0x00007ff87d1dc000 	C:\WINDOWS\SYSTEM32\dhcpcsvc.DLL
0x00007ff8864e0000 - 0x00007ff8865ab000 	C:\WINDOWS\SYSTEM32\DNSAPI.dll
0x00007ff85e4c0000 - 0x00007ff85e4e4000 	D:\androidstudio\新建文件夹\jre\jre\bin\sunec.dll
0x00007ff87fdd0000 - 0x00007ff87fdda000 	C:\Windows\System32\rasadhlp.dll
0x00007ff87b5a0000 - 0x00007ff87b617000 	C:\WINDOWS\System32\fwpuclnt.dll
0x00007ff87f880000 - 0x00007ff87f88b000 	D:\androidstudio\新建文件夹\jre\jre\bin\sunmscapi.dll
0x00007ff887010000 - 0x00007ff887159000 	C:\WINDOWS\System32\CRYPT32.dll
0x00007ff886fa0000 - 0x00007ff886fb2000 	C:\WINDOWS\System32\MSASN1.dll
0x00007ff885f80000 - 0x00007ff885fb1000 	C:\WINDOWS\SYSTEM32\ntmarta.dll

VM Arguments:
jvm_args: -Xmx1536m -Dfile.encoding=GBK -Duser.country=CN -Duser.language=zh -Duser.variant 
java_command: org.gradle.launcher.daemon.bootstrap.GradleDaemon 5.4.1
java_class_path (initial): C:\Users\Aori\.gradle\wrapper\dists\gradle-5.4.1-all\3221gyojl5jsh0helicew7rwx\gradle-5.4.1\lib\gradle-launcher-5.4.1.jar
Launcher Type: SUN_STANDARD

Environment Variables:
JAVA_HOME=C:\Program Files\Java\jdk1.8.0_102
CLASSPATH=.;C:\Program Files\Java\jdk1.8.0_102\lib;C:\Program Files\Java\jdk1.8.0_102\lib\dt.jar;C:\Program Files\Java\jdk1.8.0_102\tools.jar
PATH=D:\orcle\app\oracle\product\11.2.0\server\bin;C:\ProgramData\Oracle\Java\javapath;C:\Program Files (x86)\Common Files\Oracle\Java\javapath;C:\Windows\system32;C:\Windows;C:\Windows\System32\Wbem;C:\Windows\System32\WindowsPowerShell\v1.0\;C:\Windows\System32\OpenSSH\;C:\Program Files\Intel\WiFi\bin\;C:\Program Files\Common Files\Intel\WirelessCommon\;C:\Program Files (x86)\NVIDIA Corporation\PhysX\Common;C:\Program Files\NVIDIA Corporation\NVIDIA NvDLISR;C:\Program Files\Java\jre1.8.0_102\bin;C:\WINDOWS\system32;C:\WINDOWS;C:\WINDOWS\System32\Wbem;C:\WINDOWS\System32\WindowsPowerShell\v1.0\;C:\WINDOWS\System32\OpenSSH\;C:\Program Files\Java\jdk1.8.0_102\bin;D:\WINGW\bin;C:\Program Files\LLVM\bin;C:\Program Files\Apache Software Foundation\Tomcat 8.5_Tomcat88\bin;C:\Program Files\Apache Software Foundation\Tomcat 8.5\bin;C:\Users\Aori\Desktop\platform-tools-latest-windows\platform-tools-latest-windows\platform-tools;C:\Program Files\nodejs\;C:\Users\Aori\AppData\Local\Programs\Python\Python37\Scripts\;C:\Users\Aori\AppData\Local\Programs\Python\Python37\;C:\Users\Aori\AppData\Local\Microsoft\WindowsApps;C:\Program Files\Bandizip\;"C:\Program Files\Java\jdk1.8.0_102\bin;";;D:\Microsoft VS Code\bin;D:\PyCharm Community Edition 2019.2.3\bin;;D:\IntelliJ IDEA 2019.2.4\bin;;C:\Users\Aori\AppData\Roaming\npm
USERNAME=Aori
OS=Windows_NT
PROCESSOR_IDENTIFIER=Intel64 Family 6 Model 142 Stepping 11, GenuineIntel



---------------  S Y S T E M  ---------------

OS: Windows 10.0 , 64 bit Build 18362 (10.0.18362.1110)

CPU:total 8 (initial active 8) (4 cores per cpu, 2 threads per core) family 6 model 142 stepping 11, cmov, cx8, fxsr, mmx, sse, sse2, sse3, ssse3, sse4.1, sse4.2, popcnt, avx, avx2, aes, clmul, erms, 3dnowpref, lzcnt, ht, tsc, tscinvbit, bmi1, bmi2, adx

Memory: 4k page, physical 8230708k(245712k free), swap 18716464k(64k free)

vm_info: OpenJDK 64-Bit Server VM (25.202-b03) for windows-amd64 JRE (1.8.0_202-release-1483-b03), built by "builder" with MS VC++ 10.0 (VS2010)

time: Wed Nov 04 20:28:44 2020
timezone: 中国标准时间
elapsed time: 3695 seconds (0d 1h 1m 35s)

